f:\ray-tracing-with-imgui\examples\example_glfw_opengl2\debug\vc142.pdb
f:\ray-tracing-with-imgui\examples\example_glfw_opengl2\debug\vc142.idb
f:\ray-tracing-with-imgui\examples\example_glfw_opengl2\debug\imagetexture.obj
f:\ray-tracing-with-imgui\examples\example_glfw_opengl2\debug\hittablelist.obj
f:\ray-tracing-with-imgui\examples\example_glfw_opengl2\debug\hittable.obj
f:\ray-tracing-with-imgui\examples\example_glfw_opengl2\debug\hitrecord.obj
f:\ray-tracing-with-imgui\examples\example_glfw_opengl2\debug\draw.obj
f:\ray-tracing-with-imgui\examples\example_glfw_opengl2\debug\dielectric.obj
f:\ray-tracing-with-imgui\examples\example_glfw_opengl2\debug\cuboid.obj
f:\ray-tracing-with-imgui\examples\example_glfw_opengl2\debug\consttexture.obj
f:\ray-tracing-with-imgui\examples\example_glfw_opengl2\debug\floatingbackground.obj
f:\ray-tracing-with-imgui\examples\example_glfw_opengl2\debug\cuboidworldbuilder.obj
f:\ray-tracing-with-imgui\examples\example_glfw_opengl2\debug\constbackground.obj
f:\ray-tracing-with-imgui\examples\example_glfw_opengl2\debug\camera.obj
f:\ray-tracing-with-imgui\examples\example_glfw_opengl2\debug\basicworldbuilder.obj
f:\ray-tracing-with-imgui\examples\example_glfw_opengl2\debug\background.obj
f:\ray-tracing-with-imgui\examples\example_glfw_opengl2\debug\imgui_impl_opengl2.obj
f:\ray-tracing-with-imgui\examples\example_glfw_opengl2\debug\imgui_impl_glfw.obj
f:\ray-tracing-with-imgui\examples\example_glfw_opengl2\debug\imgui_widgets.obj
f:\ray-tracing-with-imgui\examples\example_glfw_opengl2\debug\imgui_draw.obj
f:\ray-tracing-with-imgui\examples\example_glfw_opengl2\debug\imgui_demo.obj
f:\ray-tracing-with-imgui\examples\example_glfw_opengl2\debug\imgui.obj
f:\ray-tracing-with-imgui\examples\example_glfw_opengl2\debug\transform.obj
f:\ray-tracing-with-imgui\examples\example_glfw_opengl2\debug\texture.obj
f:\ray-tracing-with-imgui\examples\example_glfw_opengl2\debug\surface.obj
f:\ray-tracing-with-imgui\examples\example_glfw_opengl2\debug\sphere.obj
f:\ray-tracing-with-imgui\examples\example_glfw_opengl2\debug\spectrumutil.obj
f:\ray-tracing-with-imgui\examples\example_glfw_opengl2\debug\sampledspectrum.obj
f:\ray-tracing-with-imgui\examples\example_glfw_opengl2\debug\rgb3.obj
f:\ray-tracing-with-imgui\examples\example_glfw_opengl2\debug\renderer.obj
f:\ray-tracing-with-imgui\examples\example_glfw_opengl2\debug\ray.obj
f:\ray-tracing-with-imgui\examples\example_glfw_opengl2\debug\movingsphere.obj
f:\ray-tracing-with-imgui\examples\example_glfw_opengl2\debug\moving.obj
f:\ray-tracing-with-imgui\examples\example_glfw_opengl2\debug\metal.obj
f:\ray-tracing-with-imgui\examples\example_glfw_opengl2\debug\mesh.obj
f:\ray-tracing-with-imgui\examples\example_glfw_opengl2\debug\mathutil.obj
f:\ray-tracing-with-imgui\examples\example_glfw_opengl2\debug\material.obj
f:\ray-tracing-with-imgui\examples\example_glfw_opengl2\debug\main.obj
f:\ray-tracing-with-imgui\examples\example_glfw_opengl2\debug\light.obj
f:\ray-tracing-with-imgui\examples\example_glfw_opengl2\debug\lambertian.obj
f:\ray-tracing-with-imgui\examples\example_glfw_opengl2\debug\initbackground.obj
f:\ray-tracing-with-imgui\examples\example_glfw_opengl2\debug\xyz3.obj
f:\ray-tracing-with-imgui\examples\example_glfw_opengl2\debug\worldbuilder.obj
f:\ray-tracing-with-imgui\examples\example_glfw_opengl2\debug\principled.obj
f:\ray-tracing-with-imgui\examples\example_glfw_opengl2\debug\imgui_impl_opengl3.obj
f:\ray-tracing-with-imgui\examples\example_glfw_opengl2\debug\example_glfw_opengl2.exe
f:\ray-tracing-with-imgui\examples\example_glfw_opengl2\debug\example_glfw_opengl2.ilk
f:\ray-tracing-with-imgui\examples\example_glfw_opengl2\debug\example_glfw_opengl2.pdb
f:\ray-tracing-with-imgui\examples\example_glfw_opengl2\debug\example_.9cda7840.tlog\cl.command.1.tlog
f:\ray-tracing-with-imgui\examples\example_glfw_opengl2\debug\example_.9cda7840.tlog\cl.read.1.tlog
f:\ray-tracing-with-imgui\examples\example_glfw_opengl2\debug\example_.9cda7840.tlog\cl.write.1.tlog
f:\ray-tracing-with-imgui\examples\example_glfw_opengl2\debug\example_.9cda7840.tlog\link.command.1.tlog
f:\ray-tracing-with-imgui\examples\example_glfw_opengl2\debug\example_.9cda7840.tlog\link.read.1.tlog
f:\ray-tracing-with-imgui\examples\example_glfw_opengl2\debug\example_.9cda7840.tlog\link.write.1.tlog
